app/build/intermediates/manifest_merge_blame_file/release/manifest-merger-blame-release-report.txt
1<?xml version="1.0" encoding="utf-8"?>
2<manifest xmlns:android="http://schemas.android.com/apk/res/android"
3    package="jp.comisapolive.app"
4    android:versionCode="5"
5    android:versionName="2.0.0" >
6
7    <uses-sdk
8        android:minSdkVersion="23"
8-->src/main/AndroidManifest.xml
9        android:targetSdkVersion="35" />
9-->src/main/AndroidManifest.xml
10
11    <!-- Network permissions -->
12    <uses-permission android:name="android.permission.INTERNET" />
12-->src/main/AndroidManifest.xml:6:5-67
12-->src/main/AndroidManifest.xml:6:22-64
13    <uses-permission android:name="android.permission.ACCESS_NETWORK_STATE" />
13-->src/main/AndroidManifest.xml:7:5-79
13-->src/main/AndroidManifest.xml:7:22-76
14
15    <!-- Notification permissions -->
16    <uses-permission android:name="android.permission.POST_NOTIFICATIONS" />
16-->src/main/AndroidManifest.xml:10:5-76
16-->src/main/AndroidManifest.xml:10:22-74
17
18    <!-- AdMob permissions -->
19    <uses-permission android:name="com.google.android.gms.permission.AD_ID" />
19-->src/main/AndroidManifest.xml:13:5-79
19-->src/main/AndroidManifest.xml:13:22-76
20    <!-- Android package visibility setting -->
21    <queries>
21-->[com.google.android.gms:play-services-ads-lite:22.3.0] AndroidManifest.xml:32:5-48:15
22
23        <!-- For browser content -->
24        <intent>
24-->[com.google.android.gms:play-services-ads-lite:22.3.0] AndroidManifest.xml:35:9-41:18
25            <action android:name="android.intent.action.VIEW" />
25-->src/main/AndroidManifest.xml:39:17-68
25-->src/main/AndroidManifest.xml:39:25-66
26
27            <category android:name="android.intent.category.BROWSABLE" />
27-->src/main/AndroidManifest.xml:41:17-77
27-->src/main/AndroidManifest.xml:41:27-75
28
29            <data android:scheme="https" />
29-->src/main/AndroidManifest.xml:42:17-43:58
29-->src/main/AndroidManifest.xml:42:23-45
30        </intent>
31        <!-- End of browser content -->
32        <!-- For CustomTabsService -->
33        <intent>
33-->[com.google.android.gms:play-services-ads-lite:22.3.0] AndroidManifest.xml:44:9-46:18
34            <action android:name="android.support.customtabs.action.CustomTabsService" />
34-->[com.google.android.gms:play-services-ads-lite:22.3.0] AndroidManifest.xml:45:13-90
34-->[com.google.android.gms:play-services-ads-lite:22.3.0] AndroidManifest.xml:45:21-87
35        </intent>
36        <!-- End of CustomTabsService -->
37    </queries>
38
39    <uses-permission android:name="android.permission.WAKE_LOCK" /> <!-- Required by older versions of Google Play services to create IID tokens -->
39-->[com.google.firebase:firebase-messaging:23.4.0] AndroidManifest.xml:24:5-68
39-->[com.google.firebase:firebase-messaging:23.4.0] AndroidManifest.xml:24:22-65
40    <uses-permission android:name="com.google.android.c2dm.permission.RECEIVE" />
40-->[com.google.firebase:firebase-messaging:23.4.0] AndroidManifest.xml:26:5-82
40-->[com.google.firebase:firebase-messaging:23.4.0] AndroidManifest.xml:26:22-79
41    <uses-permission android:name="android.permission.FOREGROUND_SERVICE" />
41-->[androidx.work:work-runtime:2.7.0] AndroidManifest.xml:28:5-77
41-->[androidx.work:work-runtime:2.7.0] AndroidManifest.xml:28:22-74
42
43    <permission
43-->[androidx.core:core:1.9.0] AndroidManifest.xml:22:5-24:47
44        android:name="jp.comisapolive.app.DYNAMIC_RECEIVER_NOT_EXPORTED_PERMISSION"
44-->[androidx.core:core:1.9.0] AndroidManifest.xml:23:9-81
45        android:protectionLevel="signature" />
45-->[androidx.core:core:1.9.0] AndroidManifest.xml:24:9-44
46
47    <uses-permission android:name="jp.comisapolive.app.DYNAMIC_RECEIVER_NOT_EXPORTED_PERMISSION" />
47-->[androidx.core:core:1.9.0] AndroidManifest.xml:26:5-97
47-->[androidx.core:core:1.9.0] AndroidManifest.xml:26:22-94
48
49    <application
49-->src/main/AndroidManifest.xml:15:5-76:19
50        android:name="comisapolive.app.ComisapoliveApplication"
50-->src/main/AndroidManifest.xml:16:9-48
51        android:allowBackup="true"
51-->src/main/AndroidManifest.xml:17:9-35
52        android:appComponentFactory="androidx.core.app.CoreComponentFactory"
52-->[androidx.core:core:1.9.0] AndroidManifest.xml:28:18-86
53        android:extractNativeLibs="false"
54        android:icon="@mipmap/ic_launcher"
54-->src/main/AndroidManifest.xml:18:9-43
55        android:label="@string/appName"
55-->src/main/AndroidManifest.xml:19:9-40
56        android:supportsRtl="true"
56-->src/main/AndroidManifest.xml:20:9-35
57        android:theme="@style/Theme.Comisapolive"
57-->src/main/AndroidManifest.xml:21:9-50
58        android:usesCleartextTraffic="true" >
58-->src/main/AndroidManifest.xml:22:9-44
59
60        <!-- Main Activity -->
61        <activity
61-->src/main/AndroidManifest.xml:25:9-45:20
62            android:name="comisapolive.app.MainActivity"
62-->src/main/AndroidManifest.xml:26:13-41
63            android:exported="true"
63-->src/main/AndroidManifest.xml:27:13-36
64            android:label="@string/launcherName"
64-->src/main/AndroidManifest.xml:28:13-49
65            android:theme="@style/Theme.Comisapolive"
65-->src/main/AndroidManifest.xml:29:13-54
66            android:windowSoftInputMode="adjustResize" >
66-->src/main/AndroidManifest.xml:30:13-55
67            <intent-filter>
67-->src/main/AndroidManifest.xml:32:13-35:29
68                <action android:name="android.intent.action.MAIN" />
68-->src/main/AndroidManifest.xml:33:17-69
68-->src/main/AndroidManifest.xml:33:25-66
69
70                <category android:name="android.intent.category.LAUNCHER" />
70-->src/main/AndroidManifest.xml:34:17-77
70-->src/main/AndroidManifest.xml:34:27-74
71            </intent-filter>
72
73            <!-- Deep linking support -->
74            <intent-filter android:autoVerify="true" >
74-->src/main/AndroidManifest.xml:38:13-44:29
74-->src/main/AndroidManifest.xml:38:28-53
75                <action android:name="android.intent.action.VIEW" />
75-->src/main/AndroidManifest.xml:39:17-68
75-->src/main/AndroidManifest.xml:39:25-66
76
77                <category android:name="android.intent.category.DEFAULT" />
77-->src/main/AndroidManifest.xml:40:17-76
77-->src/main/AndroidManifest.xml:40:27-73
78                <category android:name="android.intent.category.BROWSABLE" />
78-->src/main/AndroidManifest.xml:41:17-77
78-->src/main/AndroidManifest.xml:41:27-75
79
80                <data
80-->src/main/AndroidManifest.xml:42:17-43:58
81                    android:host="www.comisapolive.com"
81-->src/main/AndroidManifest.xml:43:21-56
82                    android:scheme="https" />
82-->src/main/AndroidManifest.xml:42:23-45
83            </intent-filter>
84        </activity>
85
86        <!-- Firebase Cloud Messaging Service -->
87        <service
87-->src/main/AndroidManifest.xml:48:9-54:19
88            android:name="comisapolive.app.MyFirebaseMessagingService"
88-->src/main/AndroidManifest.xml:49:13-55
89            android:exported="false" >
89-->src/main/AndroidManifest.xml:50:13-37
90            <intent-filter>
90-->src/main/AndroidManifest.xml:51:13-53:29
91                <action android:name="com.google.firebase.MESSAGING_EVENT" />
91-->src/main/AndroidManifest.xml:52:17-78
91-->src/main/AndroidManifest.xml:52:25-75
92            </intent-filter>
93        </service>
94
95        <!-- AdMob App ID -->
96        <meta-data
96-->src/main/AndroidManifest.xml:57:9-59:69
97            android:name="com.google.android.gms.ads.APPLICATION_ID"
97-->src/main/AndroidManifest.xml:58:13-69
98            android:value="ca-app-pub-5103020251808633~9942411882" />
98-->src/main/AndroidManifest.xml:59:13-67
99
100        <!-- Firebase Cloud Messaging default notification icon -->
101        <meta-data
101-->src/main/AndroidManifest.xml:62:9-64:60
102            android:name="com.google.firebase.messaging.default_notification_icon"
102-->src/main/AndroidManifest.xml:63:13-83
103            android:resource="@drawable/ic_notification" />
103-->src/main/AndroidManifest.xml:64:13-57
104
105        <!-- Firebase Cloud Messaging default notification color -->
106        <meta-data
106-->src/main/AndroidManifest.xml:67:9-69:54
107            android:name="com.google.firebase.messaging.default_notification_color"
107-->src/main/AndroidManifest.xml:68:13-84
108            android:resource="@color/colorPrimary" />
108-->src/main/AndroidManifest.xml:69:13-51
109
110        <!-- Firebase Cloud Messaging default notification channel -->
111        <meta-data
111-->src/main/AndroidManifest.xml:72:9-74:60
112            android:name="com.google.firebase.messaging.default_notification_channel_id"
112-->src/main/AndroidManifest.xml:73:13-89
113            android:value="default_notification_channel" />
113-->src/main/AndroidManifest.xml:74:13-57
114
115        <service
115-->[com.google.firebase:firebase-messaging-ktx:23.4.0] AndroidManifest.xml:23:9-29:19
116            android:name="com.google.firebase.components.ComponentDiscoveryService"
116-->[com.google.firebase:firebase-messaging-ktx:23.4.0] AndroidManifest.xml:24:13-84
117            android:directBootAware="true"
117-->[com.google.firebase:firebase-common:20.4.2] AndroidManifest.xml:32:13-43
118            android:exported="false" >
118-->[com.google.firebase:firebase-messaging-ktx:23.4.0] AndroidManifest.xml:25:13-37
119            <meta-data
119-->[com.google.firebase:firebase-messaging-ktx:23.4.0] AndroidManifest.xml:26:13-28:85
120                android:name="com.google.firebase.components:com.google.firebase.messaging.ktx.FirebaseMessagingLegacyRegistrar"
120-->[com.google.firebase:firebase-messaging-ktx:23.4.0] AndroidManifest.xml:27:17-129
121                android:value="com.google.firebase.components.ComponentRegistrar" />
121-->[com.google.firebase:firebase-messaging-ktx:23.4.0] AndroidManifest.xml:28:17-82
122            <meta-data
122-->[com.google.firebase:firebase-messaging:23.4.0] AndroidManifest.xml:57:13-59:85
123                android:name="com.google.firebase.components:com.google.firebase.messaging.FirebaseMessagingKtxRegistrar"
123-->[com.google.firebase:firebase-messaging:23.4.0] AndroidManifest.xml:58:17-122
124                android:value="com.google.firebase.components.ComponentRegistrar" />
124-->[com.google.firebase:firebase-messaging:23.4.0] AndroidManifest.xml:59:17-82
125            <meta-data
125-->[com.google.firebase:firebase-messaging:23.4.0] AndroidManifest.xml:60:13-62:85
126                android:name="com.google.firebase.components:com.google.firebase.messaging.FirebaseMessagingRegistrar"
126-->[com.google.firebase:firebase-messaging:23.4.0] AndroidManifest.xml:61:17-119
127                android:value="com.google.firebase.components.ComponentRegistrar" />
127-->[com.google.firebase:firebase-messaging:23.4.0] AndroidManifest.xml:62:17-82
128            <meta-data
128-->[com.google.firebase:firebase-installations:17.2.0] AndroidManifest.xml:15:13-17:85
129                android:name="com.google.firebase.components:com.google.firebase.installations.FirebaseInstallationsKtxRegistrar"
129-->[com.google.firebase:firebase-installations:17.2.0] AndroidManifest.xml:16:17-130
130                android:value="com.google.firebase.components.ComponentRegistrar" />
130-->[com.google.firebase:firebase-installations:17.2.0] AndroidManifest.xml:17:17-82
131            <meta-data
131-->[com.google.firebase:firebase-installations:17.2.0] AndroidManifest.xml:18:13-20:85
132                android:name="com.google.firebase.components:com.google.firebase.installations.FirebaseInstallationsRegistrar"
132-->[com.google.firebase:firebase-installations:17.2.0] AndroidManifest.xml:19:17-127
133                android:value="com.google.firebase.components.ComponentRegistrar" />
133-->[com.google.firebase:firebase-installations:17.2.0] AndroidManifest.xml:20:17-82
134            <meta-data
134-->[com.google.firebase:firebase-common-ktx:20.4.2] AndroidManifest.xml:12:13-14:85
135                android:name="com.google.firebase.components:com.google.firebase.ktx.FirebaseCommonLegacyRegistrar"
135-->[com.google.firebase:firebase-common-ktx:20.4.2] AndroidManifest.xml:13:17-116
136                android:value="com.google.firebase.components.ComponentRegistrar" />
136-->[com.google.firebase:firebase-common-ktx:20.4.2] AndroidManifest.xml:14:17-82
137            <meta-data
137-->[com.google.firebase:firebase-common:20.4.2] AndroidManifest.xml:35:13-37:85
138                android:name="com.google.firebase.components:com.google.firebase.FirebaseCommonKtxRegistrar"
138-->[com.google.firebase:firebase-common:20.4.2] AndroidManifest.xml:36:17-109
139                android:value="com.google.firebase.components.ComponentRegistrar" />
139-->[com.google.firebase:firebase-common:20.4.2] AndroidManifest.xml:37:17-82
140            <meta-data
140-->[com.google.firebase:firebase-datatransport:18.1.7] AndroidManifest.xml:27:13-29:85
141                android:name="com.google.firebase.components:com.google.firebase.datatransport.TransportRegistrar"
141-->[com.google.firebase:firebase-datatransport:18.1.7] AndroidManifest.xml:28:17-115
142                android:value="com.google.firebase.components.ComponentRegistrar" />
142-->[com.google.firebase:firebase-datatransport:18.1.7] AndroidManifest.xml:29:17-82
143        </service> <!-- Include the AdActivity and InAppPurchaseActivity configChanges and themes. -->
144        <activity
144-->[com.google.android.gms:play-services-ads-lite:22.3.0] AndroidManifest.xml:53:9-58:43
145            android:name="com.google.android.gms.ads.AdActivity"
145-->[com.google.android.gms:play-services-ads-lite:22.3.0] AndroidManifest.xml:54:13-65
146            android:configChanges="keyboard|keyboardHidden|orientation|screenLayout|uiMode|screenSize|smallestScreenSize"
146-->[com.google.android.gms:play-services-ads-lite:22.3.0] AndroidManifest.xml:55:13-122
147            android:exported="false"
147-->[com.google.android.gms:play-services-ads-lite:22.3.0] AndroidManifest.xml:56:13-37
148            android:theme="@android:style/Theme.Translucent" />
148-->[com.google.android.gms:play-services-ads-lite:22.3.0] AndroidManifest.xml:57:13-61
149
150        <provider
150-->[com.google.android.gms:play-services-ads-lite:22.3.0] AndroidManifest.xml:60:9-65:43
151            android:name="com.google.android.gms.ads.MobileAdsInitProvider"
151-->[com.google.android.gms:play-services-ads-lite:22.3.0] AndroidManifest.xml:61:13-76
152            android:authorities="jp.comisapolive.app.mobileadsinitprovider"
152-->[com.google.android.gms:play-services-ads-lite:22.3.0] AndroidManifest.xml:62:13-73
153            android:exported="false"
153-->[com.google.android.gms:play-services-ads-lite:22.3.0] AndroidManifest.xml:63:13-37
154            android:initOrder="100" />
154-->[com.google.android.gms:play-services-ads-lite:22.3.0] AndroidManifest.xml:64:13-36
155
156        <service
156-->[com.google.android.gms:play-services-ads-lite:22.3.0] AndroidManifest.xml:67:9-71:43
157            android:name="com.google.android.gms.ads.AdService"
157-->[com.google.android.gms:play-services-ads-lite:22.3.0] AndroidManifest.xml:68:13-64
158            android:enabled="true"
158-->[com.google.android.gms:play-services-ads-lite:22.3.0] AndroidManifest.xml:69:13-35
159            android:exported="false" />
159-->[com.google.android.gms:play-services-ads-lite:22.3.0] AndroidManifest.xml:70:13-37
160
161        <activity
161-->[com.google.android.gms:play-services-ads-lite:22.3.0] AndroidManifest.xml:73:9-77:43
162            android:name="com.google.android.gms.ads.OutOfContextTestingActivity"
162-->[com.google.android.gms:play-services-ads-lite:22.3.0] AndroidManifest.xml:74:13-82
163            android:configChanges="keyboard|keyboardHidden|orientation|screenLayout|uiMode|screenSize|smallestScreenSize"
163-->[com.google.android.gms:play-services-ads-lite:22.3.0] AndroidManifest.xml:75:13-122
164            android:exported="false" />
164-->[com.google.android.gms:play-services-ads-lite:22.3.0] AndroidManifest.xml:76:13-37
165
166        <receiver
166-->[com.google.firebase:firebase-messaging:23.4.0] AndroidManifest.xml:29:9-40:20
167            android:name="com.google.firebase.iid.FirebaseInstanceIdReceiver"
167-->[com.google.firebase:firebase-messaging:23.4.0] AndroidManifest.xml:30:13-78
168            android:exported="true"
168-->[com.google.firebase:firebase-messaging:23.4.0] AndroidManifest.xml:31:13-36
169            android:permission="com.google.android.c2dm.permission.SEND" >
169-->[com.google.firebase:firebase-messaging:23.4.0] AndroidManifest.xml:32:13-73
170            <intent-filter>
170-->[com.google.firebase:firebase-messaging:23.4.0] AndroidManifest.xml:33:13-35:29
171                <action android:name="com.google.android.c2dm.intent.RECEIVE" />
171-->[com.google.firebase:firebase-messaging:23.4.0] AndroidManifest.xml:34:17-81
171-->[com.google.firebase:firebase-messaging:23.4.0] AndroidManifest.xml:34:25-78
172            </intent-filter>
173
174            <meta-data
174-->[com.google.firebase:firebase-messaging:23.4.0] AndroidManifest.xml:37:13-39:40
175                android:name="com.google.android.gms.cloudmessaging.FINISHED_AFTER_HANDLED"
175-->[com.google.firebase:firebase-messaging:23.4.0] AndroidManifest.xml:38:17-92
176                android:value="true" />
176-->[com.google.firebase:firebase-messaging:23.4.0] AndroidManifest.xml:39:17-37
177        </receiver>
178        <!--
179             FirebaseMessagingService performs security checks at runtime,
180             but set to not exported to explicitly avoid allowing another app to call it.
181        -->
182        <service
182-->[com.google.firebase:firebase-messaging:23.4.0] AndroidManifest.xml:46:9-53:19
183            android:name="com.google.firebase.messaging.FirebaseMessagingService"
183-->[com.google.firebase:firebase-messaging:23.4.0] AndroidManifest.xml:47:13-82
184            android:directBootAware="true"
184-->[com.google.firebase:firebase-messaging:23.4.0] AndroidManifest.xml:48:13-43
185            android:exported="false" >
185-->[com.google.firebase:firebase-messaging:23.4.0] AndroidManifest.xml:49:13-37
186            <intent-filter android:priority="-500" >
186-->src/main/AndroidManifest.xml:51:13-53:29
187                <action android:name="com.google.firebase.MESSAGING_EVENT" />
187-->src/main/AndroidManifest.xml:52:17-78
187-->src/main/AndroidManifest.xml:52:25-75
188            </intent-filter>
189        </service>
190
191        <provider
191-->[com.google.firebase:firebase-common:20.4.2] AndroidManifest.xml:23:9-28:39
192            android:name="com.google.firebase.provider.FirebaseInitProvider"
192-->[com.google.firebase:firebase-common:20.4.2] AndroidManifest.xml:24:13-77
193            android:authorities="jp.comisapolive.app.firebaseinitprovider"
193-->[com.google.firebase:firebase-common:20.4.2] AndroidManifest.xml:25:13-72
194            android:directBootAware="true"
194-->[com.google.firebase:firebase-common:20.4.2] AndroidManifest.xml:26:13-43
195            android:exported="false"
195-->[com.google.firebase:firebase-common:20.4.2] AndroidManifest.xml:27:13-37
196            android:initOrder="100" />
196-->[com.google.firebase:firebase-common:20.4.2] AndroidManifest.xml:28:13-36
197
198        <activity
198-->[com.google.android.gms:play-services-base:18.0.1] AndroidManifest.xml:20:9-22:45
199            android:name="com.google.android.gms.common.api.GoogleApiActivity"
199-->[com.google.android.gms:play-services-base:18.0.1] AndroidManifest.xml:20:19-85
200            android:exported="false"
200-->[com.google.android.gms:play-services-base:18.0.1] AndroidManifest.xml:22:19-43
201            android:theme="@android:style/Theme.Translucent.NoTitleBar" />
201-->[com.google.android.gms:play-services-base:18.0.1] AndroidManifest.xml:21:19-78
202
203        <meta-data
203-->[com.google.android.gms:play-services-basement:18.1.0] AndroidManifest.xml:21:9-23:69
204            android:name="com.google.android.gms.version"
204-->[com.google.android.gms:play-services-basement:18.1.0] AndroidManifest.xml:22:13-58
205            android:value="@integer/google_play_services_version" />
205-->[com.google.android.gms:play-services-basement:18.1.0] AndroidManifest.xml:23:13-66
206
207        <provider
207-->[androidx.emoji2:emoji2:1.2.0] AndroidManifest.xml:24:9-32:20
208            android:name="androidx.startup.InitializationProvider"
208-->[androidx.emoji2:emoji2:1.2.0] AndroidManifest.xml:25:13-67
209            android:authorities="jp.comisapolive.app.androidx-startup"
209-->[androidx.emoji2:emoji2:1.2.0] AndroidManifest.xml:26:13-68
210            android:exported="false" >
210-->[androidx.emoji2:emoji2:1.2.0] AndroidManifest.xml:27:13-37
211            <meta-data
211-->[androidx.emoji2:emoji2:1.2.0] AndroidManifest.xml:29:13-31:52
212                android:name="androidx.emoji2.text.EmojiCompatInitializer"
212-->[androidx.emoji2:emoji2:1.2.0] AndroidManifest.xml:30:17-75
213                android:value="androidx.startup" />
213-->[androidx.emoji2:emoji2:1.2.0] AndroidManifest.xml:31:17-49
214            <meta-data
214-->[androidx.work:work-runtime:2.7.0] AndroidManifest.xml:36:13-38:52
215                android:name="androidx.work.WorkManagerInitializer"
215-->[androidx.work:work-runtime:2.7.0] AndroidManifest.xml:37:17-68
216                android:value="androidx.startup" />
216-->[androidx.work:work-runtime:2.7.0] AndroidManifest.xml:38:17-49
217            <meta-data
217-->[androidx.lifecycle:lifecycle-process:2.6.2] AndroidManifest.xml:29:13-31:52
218                android:name="androidx.lifecycle.ProcessLifecycleInitializer"
218-->[androidx.lifecycle:lifecycle-process:2.6.2] AndroidManifest.xml:30:17-78
219                android:value="androidx.startup" />
219-->[androidx.lifecycle:lifecycle-process:2.6.2] AndroidManifest.xml:31:17-49
220            <meta-data
220-->[androidx.profileinstaller:profileinstaller:1.3.0] AndroidManifest.xml:29:13-31:52
221                android:name="androidx.profileinstaller.ProfileInstallerInitializer"
221-->[androidx.profileinstaller:profileinstaller:1.3.0] AndroidManifest.xml:30:17-85
222                android:value="androidx.startup" />
222-->[androidx.profileinstaller:profileinstaller:1.3.0] AndroidManifest.xml:31:17-49
223        </provider>
224
225        <service
225-->[androidx.work:work-runtime:2.7.0] AndroidManifest.xml:41:9-46:35
226            android:name="androidx.work.impl.background.systemalarm.SystemAlarmService"
226-->[androidx.work:work-runtime:2.7.0] AndroidManifest.xml:42:13-88
227            android:directBootAware="false"
227-->[androidx.work:work-runtime:2.7.0] AndroidManifest.xml:43:13-44
228            android:enabled="@bool/enable_system_alarm_service_default"
228-->[androidx.work:work-runtime:2.7.0] AndroidManifest.xml:44:13-72
229            android:exported="false" />
229-->[androidx.work:work-runtime:2.7.0] AndroidManifest.xml:45:13-37
230        <service
230-->[androidx.work:work-runtime:2.7.0] AndroidManifest.xml:47:9-53:35
231            android:name="androidx.work.impl.background.systemjob.SystemJobService"
231-->[androidx.work:work-runtime:2.7.0] AndroidManifest.xml:48:13-84
232            android:directBootAware="false"
232-->[androidx.work:work-runtime:2.7.0] AndroidManifest.xml:49:13-44
233            android:enabled="@bool/enable_system_job_service_default"
233-->[androidx.work:work-runtime:2.7.0] AndroidManifest.xml:50:13-70
234            android:exported="true"
234-->[androidx.work:work-runtime:2.7.0] AndroidManifest.xml:51:13-36
235            android:permission="android.permission.BIND_JOB_SERVICE" />
235-->[androidx.work:work-runtime:2.7.0] AndroidManifest.xml:52:13-69
236        <service
236-->[androidx.work:work-runtime:2.7.0] AndroidManifest.xml:54:9-59:35
237            android:name="androidx.work.impl.foreground.SystemForegroundService"
237-->[androidx.work:work-runtime:2.7.0] AndroidManifest.xml:55:13-81
238            android:directBootAware="false"
238-->[androidx.work:work-runtime:2.7.0] AndroidManifest.xml:56:13-44
239            android:enabled="@bool/enable_system_foreground_service_default"
239-->[androidx.work:work-runtime:2.7.0] AndroidManifest.xml:57:13-77
240            android:exported="false" />
240-->[androidx.work:work-runtime:2.7.0] AndroidManifest.xml:58:13-37
241
242        <receiver
242-->[androidx.work:work-runtime:2.7.0] AndroidManifest.xml:61:9-66:35
243            android:name="androidx.work.impl.utils.ForceStopRunnable$BroadcastReceiver"
243-->[androidx.work:work-runtime:2.7.0] AndroidManifest.xml:62:13-88
244            android:directBootAware="false"
244-->[androidx.work:work-runtime:2.7.0] AndroidManifest.xml:63:13-44
245            android:enabled="true"
245-->[androidx.work:work-runtime:2.7.0] AndroidManifest.xml:64:13-35
246            android:exported="false" />
246-->[androidx.work:work-runtime:2.7.0] AndroidManifest.xml:65:13-37
247        <receiver
247-->[androidx.work:work-runtime:2.7.0] AndroidManifest.xml:67:9-77:20
248            android:name="androidx.work.impl.background.systemalarm.ConstraintProxy$BatteryChargingProxy"
248-->[androidx.work:work-runtime:2.7.0] AndroidManifest.xml:68:13-106
249            android:directBootAware="false"
249-->[androidx.work:work-runtime:2.7.0] AndroidManifest.xml:69:13-44
250            android:enabled="false"
250-->[androidx.work:work-runtime:2.7.0] AndroidManifest.xml:70:13-36
251            android:exported="false" >
251-->[androidx.work:work-runtime:2.7.0] AndroidManifest.xml:71:13-37
252            <intent-filter>
252-->[androidx.work:work-runtime:2.7.0] AndroidManifest.xml:73:13-76:29
253                <action android:name="android.intent.action.ACTION_POWER_CONNECTED" />
253-->[androidx.work:work-runtime:2.7.0] AndroidManifest.xml:74:17-87
253-->[androidx.work:work-runtime:2.7.0] AndroidManifest.xml:74:25-84
254                <action android:name="android.intent.action.ACTION_POWER_DISCONNECTED" />
254-->[androidx.work:work-runtime:2.7.0] AndroidManifest.xml:75:17-90
254-->[androidx.work:work-runtime:2.7.0] AndroidManifest.xml:75:25-87
255            </intent-filter>
256        </receiver>
257        <receiver
257-->[androidx.work:work-runtime:2.7.0] AndroidManifest.xml:78:9-88:20
258            android:name="androidx.work.impl.background.systemalarm.ConstraintProxy$BatteryNotLowProxy"
258-->[androidx.work:work-runtime:2.7.0] AndroidManifest.xml:79:13-104
259            android:directBootAware="false"
259-->[androidx.work:work-runtime:2.7.0] AndroidManifest.xml:80:13-44
260            android:enabled="false"
260-->[androidx.work:work-runtime:2.7.0] AndroidManifest.xml:81:13-36
261            android:exported="false" >
261-->[androidx.work:work-runtime:2.7.0] AndroidManifest.xml:82:13-37
262            <intent-filter>
262-->[androidx.work:work-runtime:2.7.0] AndroidManifest.xml:84:13-87:29
263                <action android:name="android.intent.action.BATTERY_OKAY" />
263-->[androidx.work:work-runtime:2.7.0] AndroidManifest.xml:85:17-77
263-->[androidx.work:work-runtime:2.7.0] AndroidManifest.xml:85:25-74
264                <action android:name="android.intent.action.BATTERY_LOW" />
264-->[androidx.work:work-runtime:2.7.0] AndroidManifest.xml:86:17-76
264-->[androidx.work:work-runtime:2.7.0] AndroidManifest.xml:86:25-73
265            </intent-filter>
266        </receiver>
267        <receiver
267-->[androidx.work:work-runtime:2.7.0] AndroidManifest.xml:89:9-99:20
268            android:name="androidx.work.impl.background.systemalarm.ConstraintProxy$StorageNotLowProxy"
268-->[androidx.work:work-runtime:2.7.0] AndroidManifest.xml:90:13-104
269            android:directBootAware="false"
269-->[androidx.work:work-runtime:2.7.0] AndroidManifest.xml:91:13-44
270            android:enabled="false"
270-->[androidx.work:work-runtime:2.7.0] AndroidManifest.xml:92:13-36
271            android:exported="false" >
271-->[androidx.work:work-runtime:2.7.0] AndroidManifest.xml:93:13-37
272            <intent-filter>
272-->[androidx.work:work-runtime:2.7.0] AndroidManifest.xml:95:13-98:29
273                <action android:name="android.intent.action.DEVICE_STORAGE_LOW" />
273-->[androidx.work:work-runtime:2.7.0] AndroidManifest.xml:96:17-83
273-->[androidx.work:work-runtime:2.7.0] AndroidManifest.xml:96:25-80
274                <action android:name="android.intent.action.DEVICE_STORAGE_OK" />
274-->[androidx.work:work-runtime:2.7.0] AndroidManifest.xml:97:17-82
274-->[androidx.work:work-runtime:2.7.0] AndroidManifest.xml:97:25-79
275            </intent-filter>
276        </receiver>
277        <receiver
277-->[androidx.work:work-runtime:2.7.0] AndroidManifest.xml:100:9-109:20
278            android:name="androidx.work.impl.background.systemalarm.ConstraintProxy$NetworkStateProxy"
278-->[androidx.work:work-runtime:2.7.0] AndroidManifest.xml:101:13-103
279            android:directBootAware="false"
279-->[androidx.work:work-runtime:2.7.0] AndroidManifest.xml:102:13-44
280            android:enabled="false"
280-->[androidx.work:work-runtime:2.7.0] AndroidManifest.xml:103:13-36
281            android:exported="false" >
281-->[androidx.work:work-runtime:2.7.0] AndroidManifest.xml:104:13-37
282            <intent-filter>
282-->[androidx.work:work-runtime:2.7.0] AndroidManifest.xml:106:13-108:29
283                <action android:name="android.net.conn.CONNECTIVITY_CHANGE" />
283-->[androidx.work:work-runtime:2.7.0] AndroidManifest.xml:107:17-79
283-->[androidx.work:work-runtime:2.7.0] AndroidManifest.xml:107:25-76
284            </intent-filter>
285        </receiver>
286        <receiver
286-->[androidx.work:work-runtime:2.7.0] AndroidManifest.xml:110:9-121:20
287            android:name="androidx.work.impl.background.systemalarm.RescheduleReceiver"
287-->[androidx.work:work-runtime:2.7.0] AndroidManifest.xml:111:13-88
288            android:directBootAware="false"